This is XeTeX, Version 3.141592653-2.6-0.999995 (MiKTeX 23.5) (preloaded format=xelatex 2023.9.1)  12 SEP 2023 12:59
entering extended mode
 restricted \write18 enabled.
 %&-line parsing enabled.
**./day2.tex
(day2.tex
LaTeX2e <2023-06-01> patch level 1
L3 programming layer <2023-08-11>
! Undefined control sequence.
l.1 \section
            {第二周数值分析实验}
The control sequence at the end of the top line
of your error message was never \def'ed. If you have
misspelled it (e.g., `\hobx'), type `I' and the correct
spelling (e.g., `I\hbox'). Otherwise just continue,
and I'll forget about whatever was undefined.


! LaTeX Error: Missing \begin{document}.

See the LaTeX manual or LaTeX Companion for explanation.
Type  H <return>  for immediate help.
 ...                                              
                                                  
l.1 \section{第
              二周数值分析实验}
You're in trouble here.  Try typing  <return>  to proceed.
If that doesn't work, type  X <return>  to quit.

Missing character: There is no 第 in font nullfont!
Missing character: There is no 二 in font nullfont!
Missing character: There is no 周 in font nullfont!
Missing character: There is no 数 in font nullfont!
Missing character: There is no 值 in font nullfont!
Missing character: There is no 分 in font nullfont!
Missing character: There is no 析 in font nullfont!
Missing character: There is no 实 in font nullfont!
Missing character: There is no 验 in font nullfont!
! Undefined control sequence.
l.2 \subsection
               {第一节}
The control sequence at the end of the top line
of your error message was never \def'ed. If you have
misspelled it (e.g., `\hobx'), type `I' and the correct
spelling (e.g., `I\hbox'). Otherwise just continue,
and I'll forget about whatever was undefined.

Missing character: There is no 第 in font nullfont!
Missing character: There is no 一 in font nullfont!
Missing character: There is no 节 in font nullfont!
)
! Emergency stop.
<*> ./day2.tex
              
*** (job aborted, no legal \end found)

 
Here is how much of TeX's memory you used:
 16 strings out of 410633
 289 string characters out of 5796315
 1908879 words of memory out of 5000000
 21181 multiletter control sequences out of 15000+600000
 558069 words of font info for 36 fonts, out of 8000000 for 9000
 1348 hyphenation exceptions out of 8191
 15i,0n,18p,65b,18s stack positions out of 10000i,1000n,20000p,200000b,200000s
No pages of output.
