\BOOKMARK [1][-]{section.1}{\376\377\173\054\116\000\124\150\145\160\120\074\122\006\147\220\133\236\232\214}{}% 1
\BOOKMARK [2][-]{subsection.1.1}{\376\377\173\054\116\000\202\202\000:\176\247\145\160\154\102\124\214\116\016\116\214\121\103\121\375\145\160\176\330\126\376}{section.1}% 2
\BOOKMARK [2][-]{subsection.1.2}{\376\377\173\054\116\214\202\202\000:\171\357\122\006\220\022\143\250\121\154\137\017}{section.1}% 3
\BOOKMARK [1][-]{section.2}{\376\377\173\054\116\214\124\150\145\160\120\074\122\006\147\220\133\236\232\214}{}% 4
\BOOKMARK [2][-]{subsection.2.1}{\376\377\173\054\116\000\202\202\000:\143\322\120\074\000f\000u\000n\000c\000t\000i\000o\000n}{section.2}% 5
\BOOKMARK [3][-]{subsubsection.2.1.1}{\376\377\166\364\143\245\154\325}{subsection.2.1}% 6
\BOOKMARK [3][-]{subsubsection.2.1.2}{\376\377\000L\000a\000g\000r\000a\000n\000g\000e\154\325}{subsection.2.1}% 7
\BOOKMARK [2][-]{subsection.2.2}{\376\377\173\054\116\214\202\202\000:\213\241\173\227\133\236\117\213}{section.2}% 8
\BOOKMARK [3][-]{subsubsection.2.2.1}{\376\377\166\364\143\245\154\325\213\241\173\227}{subsection.2.2}% 9
\BOOKMARK [3][-]{subsubsection.2.2.2}{\376\377\000L\000a\000g\000r\000a\000n\000g\000e\154\325\213\241\173\227}{subsection.2.2}% 10
\BOOKMARK [1][-]{section.3}{\376\377\173\054\116\011\124\150\145\160\120\074\122\006\147\220\133\236\232\214}{}% 11
\BOOKMARK [2][-]{subsection.3.1}{\376\377\000N\000e\000w\000t\000o\000n\154\325\127\107\135\356\210\150\000f\000u\000n\000c\000t\000i\000o\000n}{section.3}% 12
\BOOKMARK [2][-]{subsection.3.2}{\376\377\000p\000a\000g\000e\0003\0002\000e\000x\0004\133\236\117\213}{section.3}% 13
\BOOKMARK [1][-]{section.4}{\376\377\173\054\126\333\124\150\145\160\120\074\122\006\147\220\133\236\232\214}{}% 14
\BOOKMARK [2][-]{subsection.4.1}{\376\377\116\011\160\271\116\011\153\041\000H\000e\000r\000m\000i\000t\000e\143\322\120\074}{section.4}% 15
\BOOKMARK [2][-]{subsection.4.2}{\376\377\116\044\160\271\116\011\153\041\000H\000e\000r\000m\000i\000t\000e\143\322\120\074}{section.4}% 16
\BOOKMARK [1][-]{section.5}{\376\377\173\054\121\155\124\150\145\160\120\074\122\006\147\220\133\236\232\214}{}% 17
\BOOKMARK [2][-]{subsection.5.1}{\376\377\000B\000e\000r\000n\000s\000t\000e\000i\000n\131\032\230\171\137\017}{section.5}% 18
\BOOKMARK [1][-]{section.6}{\376\377\173\054\116\003\124\150\145\160\120\074\122\006\147\220\133\236\232\214}{}% 19
\BOOKMARK [2][-]{subsection.6.1}{\376\377\000G\000r\000a\000m\000-\000S\000c\000h\000m\000i\000d\000t\153\143\116\244\123\026}{section.6}% 20
\BOOKMARK [2][-]{subsection.6.2}{\376\377\153\143\116\244\123\026\000-\000L\000e\000g\000e\000n\000d\000r\000e\131\032\230\171\137\017}{section.6}% 21
\BOOKMARK [2][-]{subsection.6.3}{\376\377\153\143\116\244\123\026\000-\000C\000h\000e\000b\000y\000s\000h\000e\000v\131\032\230\171\137\017}{section.6}% 22
\BOOKMARK [2][-]{subsection.6.4}{\376\377\220\022\143\250\154\325\000-\000L\000e\000g\000e\000n\000d\000r\000e\131\032\230\171\137\017}{section.6}% 23
\BOOKMARK [1][-]{section.7}{\376\377\173\054\121\153\124\150\145\160\120\074\122\006\147\220\133\236\232\214}{}% 24
\BOOKMARK [2][-]{subsection.7.1}{\376\377\000C\000h\000e\000b\000y\000s\000h\000e\000v\131\032\230\171\137\017\226\366\160\271\143\322\120\074}{section.7}% 25
\BOOKMARK [2][-]{subsection.7.2}{\376\377\147\000\117\163\116\000\201\364\220\074\217\321\116\016\147\000\117\163\136\163\145\271\220\074\217\321}{section.7}% 26
\BOOKMARK [3][-]{subsubsection.7.2.1}{\376\377\147\000\117\163\116\000\201\364\220\074\217\321}{subsection.7.2}% 27
\BOOKMARK [3][-]{subsubsection.7.2.2}{\376\377\147\000\117\163\136\163\145\271\220\074\217\321}{subsection.7.2}% 28
\BOOKMARK [1][-]{section.8}{\376\377\173\054\116\135\124\150\145\160\120\074\122\006\147\220\133\236\232\214}{}% 29
\BOOKMARK [2][-]{subsection.8.1}{\376\377\153\143\116\244\121\375\145\160\145\317\147\000\117\163\136\163\145\271\220\074\217\321}{section.8}% 30
\BOOKMARK [2][-]{subsection.8.2}{\376\377\147\000\134\017\116\214\116\130\142\337\124\010}{section.8}% 31
\BOOKMARK [1][-]{section.9}{\376\377\173\054\123\101\124\150\145\160\120\074\122\006\147\220\116\055\147\037\176\303\116\140}{}% 32
\BOOKMARK [2][-]{subsection.9.1}{\376\377\116\011\153\041\143\322\120\074}{section.9}% 33
\BOOKMARK [2][-]{subsection.9.2}{\376\377\147\000\134\017\116\214\116\130\154\325}{section.9}% 34
\BOOKMARK [1][-]{section.10}{\376\377\173\054\123\101\116\000\124\150\145\160\120\074\122\006\147\220\133\236\232\214}{}% 35
\BOOKMARK [2][-]{subsection.10.1}{\376\377\162\133\230\177\116\000\171\321\162\171\145\257\171\357\122\006}{section.10}% 36
\BOOKMARK [1][-]{section.11}{\376\377\173\054\123\101\116\214\124\150\145\160\120\074\122\006\147\220\133\236\232\214}{}% 37
\BOOKMARK [2][-]{subsection.11.1}{\376\377\131\015\124\010\150\257\137\142\121\154\137\017\116\016\131\015\124\010\000S\000i\000m\000p\000s\000o\000n\121\154\137\017}{section.11}% 38
\BOOKMARK [2][-]{subsection.11.2}{\376\377\232\330\145\257\116\000\122\322\213\251\137\267\154\102\171\357\121\154\137\017}{section.11}% 39
\BOOKMARK [2][-]{subsection.11.3}{\376\377\131\015\124\010\127\213\166\204\232\330\145\257\116\000\122\322\213\251\137\267\154\102\171\357\121\154\137\017}{section.11}% 40
\BOOKMARK [1][-]{section.12}{\376\377\173\054\123\101\116\011\124\150\145\160\120\074\122\006\147\220\133\236\232\214}{}% 41
\BOOKMARK [2][-]{subsection.12.1}{\376\377\167\351\226\065\166\204\000L\000U\122\006\211\343}{section.12}% 42
\BOOKMARK [2][-]{subsection.12.2}{\376\377\167\351\226\065\166\204\000C\000h\000o\000l\000e\000s\000k\000y\122\006\211\343}{section.12}% 43
\BOOKMARK [1][-]{section.13}{\376\377\173\054\123\101\116\224\124\150\145\160\120\074\122\006\147\220\133\236\232\214}{}% 44
\BOOKMARK [2][-]{subsection.13.1}{\376\377\217\355\116\343\154\325}{section.13}% 45
\BOOKMARK [2][-]{subsection.13.2}{\376\377\232\330\145\257\130\136\137\267\134\024\217\355\116\343\154\325}{section.13}% 46
\BOOKMARK [1][-]{section.14}{\376\377\173\054\123\101\121\155\124\150\145\160\120\074\122\006\147\220\133\236\232\214}{}% 47
\BOOKMARK [2][-]{subsection.14.1}{\376\377\000J\000a\000c\000o\000b\000i\124\214\000G\000-\000S\217\355\116\343\154\325}{section.14}% 48
\BOOKMARK [2][-]{subsection.14.2}{\376\377\000S\000O\000R\217\355\116\343\154\325}{section.14}% 49
\BOOKMARK [2][-]{subsection.14.3}{\376\377\220\011\120\132\230\230}{section.14}% 50
\BOOKMARK [1][-]{table.caption.25}{\376\377\123\302\200\003\145\207\163\056}{}% 51
